C:\Program Files\Microsoft Visual Studio\2022\Community\MSBuild\Microsoft\VC\v170\Microsoft.CppBuild.targets(534,5): warning MSB8028: The intermediate directory (C:\Users\kyk17\source\repos\CarSelectGame\.tmp\Debug-x64\) contains files shared from another project (SplashScreen.vcxproj).  This can lead to incorrect clean and rebuild behavior.
  carlevel.c
C:\Users\kyk17\source\repos\CarSelectGame\src\carlevel.c(27,26): warning C4244: 'function': conversion from 'float' to 'int', possible loss of data
C:\Users\kyk17\source\repos\CarSelectGame\src\carlevel.c(27,34): warning C4244: 'function': conversion from 'float' to 'int', possible loss of data
C:\Users\kyk17\source\repos\CarSelectGame\src\carlevel.c(23,17): warning C4244: 'initializing': conversion from 'int' to 'float', possible loss of data
C:\Users\kyk17\source\repos\CarSelectGame\src\carlevel.c(24,18): warning C4244: 'initializing': conversion from 'int' to 'float', possible loss of data
C:\Users\kyk17\source\repos\CarSelectGame\src\carlevel.c(80,56): warning C4244: 'function': conversion from 'double' to 'float', possible loss of data
  main.c
  mainmenu.c
C:\Users\kyk17\source\repos\CarSelectGame\src\mainmenu.c(23,33): warning C4244: 'function': conversion from 'double' to 'int', possible loss of data
C:\Users\kyk17\source\repos\CarSelectGame\src\mainmenu.c(23,47): warning C4244: 'function': conversion from 'float' to 'int', possible loss of data
C:\Users\kyk17\source\repos\CarSelectGame\src\mainmenu.c(19,17): warning C4244: 'initializing': conversion from 'int' to 'float', possible loss of data
C:\Users\kyk17\source\repos\CarSelectGame\src\mainmenu.c(20,18): warning C4244: 'initializing': conversion from 'int' to 'float', possible loss of data
C:\Users\kyk17\source\repos\CarSelectGame\src\mainmenu.c(36,17): warning C4244: 'initializing': conversion from 'int' to 'float', possible loss of data
C:\Users\kyk17\source\repos\CarSelectGame\src\mainmenu.c(37,18): warning C4244: 'initializing': conversion from 'int' to 'float', possible loss of data
  Generating code
  Previous IPDB and IOBJ mismatch, fall back to full compilation.
  All 10 functions were compiled because no usable IPDB/IOBJ from previous compilation was found.
  Finished generating code
  SplashScreen.vcxproj -> C:\Users\kyk17\source\repos\CarSelectGame\bin\Debug-x64\CarSelectGame.exe
  1 File(s) copied
  1 File(s) copied
  1 File(s) copied
